[ 50%] [32mBuilding CXX object CMakeFiles/turtle_listener.dir/src/turtle_listener.cpp.o[0m
[01m[K/home/student/catkin_ws/src/turtlebot_controller/src/turtle_listener.cpp:3:10:[m[K [01;31m[Kfatal error: [m[Kgeometry_msgs/msg/twist.hpp: No such file or directory
    3 | #include [01;31m[K"geometry_msgs/msg/twist.hpp"[m[K
      |          [01;31m[K^~~~~~~~~~~~~~~~~~~~~~~~~~~~~[m[K
compilation terminated.
gmake[2]: *** [CMakeFiles/turtle_listener.dir/build.make:76: CMakeFiles/turtle_listener.dir/src/turtle_listener.cpp.o] Error 1
gmake[1]: *** [CMakeFiles/Makefile2:137: CMakeFiles/turtle_listener.dir/all] Error 2
gmake: *** [Makefile:146: all] Error 2
